#
# A fatal error has been detected by the Java Runtime Environment:
#
#  SIGSEGV (0xb) at pc=0x00007fff6f39b81d, pid=10360, tid=0x0000000000000307
#
# JRE version: Java(TM) SE Runtime Environment (8.0_211-b12) (build 1.8.0_211-b12)
# Java VM: Java HotSpot(TM) 64-Bit Server VM (25.211-b12 mixed mode bsd-amd64 compressed oops)
# Problematic frame:
# C  [libobjc.A.dylib+0x681d]  objc_msgSend+0x1d
#
# Failed to write core dump. Core dumps have been disabled. To enable core dumping, try "ulimit -c unlimited" before starting Java again
#
# If you would like to submit a bug report, please visit:
#   http://bugreport.java.com/bugreport/crash.jsp
# The crash happened outside the Java Virtual Machine in native code.
# See problematic frame for where to report the bug.
#

---------------  T H R E A D  ---------------

Current thread (0x00007fcb5805a000):  JavaThread "JavaFX Application Thread" [_thread_in_native, id=775, stack(0x00007ffeeb115000,0x00007ffeeb915000)]

siginfo: si_signo: 11 (SIGSEGV), si_code: 1 (SEGV_MAPERR), si_addr: 0x0000000000000018

Registers:
RAX=0x00007fcb6182f1e0, RBX=0x00007fff8ce5e9a0, RCX=0x30010185f54900d6, RDX=0x0000000000000000
RSP=0x00007ffeeb910318, RBP=0x00007ffeeb910340, RSI=0x00007fff7a7d1786, RDI=0x00007fcb6182f1e0
R8 =0x00007fcb6182f1e0, R9 =0x00007fcb6181ce80, R10=0x0000000000000000, R11=0x00007fff7a7d1786
R12=0x00007fff6f39b800, R13=0x00007fcb4fdd8f00, R14=0x0000000000000004, R15=0x00007fcb28e27f40
RIP=0x00007fff6f39b81d, EFLAGS=0x0000000000010246, ERR=0x0000000000000004
  TRAPNO=0x000000000000000e

Top of Stack: (sp=0x00007ffeeb910318)
0x00007ffeeb910318:   00007fff35624daf 00007fff8ce5e9a0
0x00007ffeeb910328:   00007fff6f39b800 00007fcb4fdd8f00
0x00007ffeeb910338:   00007fcb28e27f40 00007ffeeb910370
0x00007ffeeb910348:   00007fff35625452 00007fcb5fd06f90
0x00007ffeeb910358:   00007fcb5fd06e10 00007fcb5feeb1b0
0x00007ffeeb910368:   00007fcb28e27f40 00007ffeeb910380
0x00007ffeeb910378:   00007fff367a1bac 00007ffeeb910400
0x00007ffeeb910388:   00007fff367a1af4 00007ffeeb910350
0x00007ffeeb910398:   00007fcb5feeb1b0 0000000000000000
0x00007ffeeb9103a8:   00007fcb5fd06fa0 00007fcb5fd06e20
0x00007ffeeb9103b8:   00007fcb5fd06e10 00007fcb5fd06f10
0x00007ffeeb9103c8:   00007fff8d152700 00007fcb5fd06f90
0x00007ffeeb9103d8:   00007fcb5fd06e10 0000000000000001
0x00007ffeeb9103e8:   0000000000001401 0000000000000d03
0x00007ffeeb9103f8:   00007fcb5fd06f90 00007ffeeb911110
0x00007ffeeb910408:   00007fff367a09eb ffffffffffffffff
0x00007ffeeb910418:   ffffffffffffffff ffffffffffffffff
0x00007ffeeb910428:   0000000000001403 0000000000000e03
0x00007ffeeb910438:   00007fff8d10c8c0 00007fff7a7d23dd
0x00007ffeeb910448:   00007fff7a7e5962 00007fff7a7d7423
0x00007ffeeb910458:   00007fcb5feebd20 ffffffffffffffff
0x00007ffeeb910468:   00007fcb5feebd30 00007fcb5fd06fa0
0x00007ffeeb910478:   00007fcb5fd06e20 ffffffffffffffff
0x00007ffeeb910488:   0000000000000000 0000000000000000
0x00007ffeeb910498:   00000001aaaaaaaa 0000000000000000
0x00007ffeeb9104a8:   00000000aaaaaaaa 00000e0300001403
0x00007ffeeb9104b8:   0000000000000000 ffffffffffffffff
0x00007ffeeb9104c8:   ffffffffffffffff ffffffffffffffff
0x00007ffeeb9104d8:   ffffffffffffffff ffffffffffffffff
0x00007ffeeb9104e8:   ffffffffffffffff ffffffffffffffff
0x00007ffeeb9104f8:   aaaaaaaaffffffff aaaaaaaaaaaaaaaa
0x00007ffeeb910508:   aaaaaaaaaaaaaaaa ffffffffaaaaaaaa 

Instructions: (pc=0x00007fff6f39b81d)
0x00007fff6f39b7fd:   44 00 00 48 85 ff 2e 74 72 40 f6 c7 01 2e 75 76
0x00007fff6f39b80d:   49 ba f8 ff ff ff ff 7f 00 00 4c 23 17 49 89 f3
0x00007fff6f39b81d:   45 23 5a 18 49 c1 e3 04 4d 03 5a 10 49 3b 33 75
0x00007fff6f39b82d:   0a 4d 8b 5b 08 4d 31 d3 41 ff e3 49 83 3b 01 76 

Register to memory mapping:

RAX=0x00007fcb6182f1e0 is an unknown value
RBX=0x00007fff8ce5e9a0: OBJC_CLASS_$_IMKClient+0 in /System/Library/Frameworks/Carbon.framework/Versions/A/Frameworks/HIToolbox.framework/Versions/A/HIToolbox at 0x00007fff353a4000
RCX=0x30010185f54900d6 is an unknown value
RDX=0x0000000000000000 is an unknown value
RSP=0x00007ffeeb910318 is pointing into the stack for thread: 0x00007fcb5805a000
RBP=0x00007ffeeb910340 is pointing into the stack for thread: 0x00007fcb5805a000
RSI=0x00007fff7a7d1786: GCC_except_table740+0xb40c8b6 in /usr/lib/libobjc.A.dylib at 0x00007fff6f395000
RDI=0x00007fcb6182f1e0 is an unknown value
R8 =0x00007fcb6182f1e0 is an unknown value
R9 =0x00007fcb6181ce80 is an unknown value
R10=0x0000000000000000 is an unknown value
R11=0x00007fff7a7d1786: GCC_except_table740+0xb40c8b6 in /usr/lib/libobjc.A.dylib at 0x00007fff6f395000
R12=0x00007fff6f39b800: objc_msgSend+0 in /usr/lib/libobjc.A.dylib at 0x00007fff6f395000
R13=0x00007fcb4fdd8f00 is an unknown value
R14=0x0000000000000004 is an unknown value
R15=0x00007fcb28e27f40 is an unknown value


Stack: [0x00007ffeeb115000,0x00007ffeeb915000],  sp=0x00007ffeeb910318,  free space=8172k
Native frames: (J=compiled Java code, j=interpreted, Vv=VM code, C=native code)
C  [libobjc.A.dylib+0x681d]  objc_msgSend+0x1d
C  [HIToolbox+0x281452]  __55-[IMKInputSession imkxpc_getApplicationProperty:reply:]_block_invoke+0x44
C  [CoreFoundation+0x83bac]  __CFRUNLOOP_IS_CALLING_OUT_TO_A_BLOCK__+0xc
C  [CoreFoundation+0x83af4]  __CFRunLoopDoBlocks+0x17b
C  [CoreFoundation+0x829eb]  __CFRunLoopRun+0x390
C  [CoreFoundation+0x81ffe]  CFRunLoopRunSpecific+0x1ce
C  [HIToolbox+0x2fabd]  RunCurrentEventLoopInMode+0x124
C  [HIToolbox+0x2f6f4]  ReceiveNextEventCommon+0x167
C  [HIToolbox+0x2f579]  _BlockUntilNextEventMatchingListInModeWithFilter+0x40
C  [AppKit+0x40c99]  _DPSNextEvent+0x373
C  [AppKit+0x3f4e0]  -[NSApplication(NSEvent) _nextEventMatchingEventMask:untilDate:inMode:dequeue:]+0x548
C  [AppKit+0x311ee]  -[NSApplication run]+0x292
C  [libglass.dylib+0x66b9]  -[GlassApplication runLoop:]+0x769
C  [Foundation+0x9b1bd]  __NSThreadPerformPerform+0xcc
C  [CoreFoundation+0x83f12]  __CFRUNLOOP_IS_CALLING_OUT_TO_A_SOURCE0_PERFORM_FUNCTION__+0x11
C  [CoreFoundation+0x83eb1]  __CFRunLoopDoSource0+0x67
C  [CoreFoundation+0x83ccb]  __CFRunLoopDoSources0+0xd1
C  [CoreFoundation+0x829fa]  __CFRunLoopRun+0x39f
C  [CoreFoundation+0x81ffe]  CFRunLoopRunSpecific+0x1ce
C  [java+0x646e]  CreateExecutionEnvironment+0x367
C  [java+0x203c]  JLI_Launch+0x7a0
C  [java+0x84cb]  main+0x65
C  [java+0x1894]  start+0x34
C  0x0000000000000006


---------------  P R O C E S S  ---------------

Java Threads: ( => current thread )
  0x00007fcb601d8000 JavaThread "Prism Font Disposer" daemon [_thread_blocked, id=78551, stack(0x000070000fffe000,0x00007000100fe000)]
  0x00007fcb588e6800 JavaThread "Attach Listener" daemon [_thread_blocked, id=56087, stack(0x000070000fefb000,0x000070000fffb000)]
  0x00007fcb38090800 JavaThread "JavaFX-Launcher" [_thread_blocked, id=81411, stack(0x000070000fc6f000,0x000070000fd6f000)]
  0x00007fcb580aa800 JavaThread "Thread-3" daemon [_thread_in_native, id=29955, stack(0x000070000fae6000,0x000070000fb66000)]
=>0x00007fcb5805a000 JavaThread "JavaFX Application Thread" [_thread_in_native, id=775, stack(0x00007ffeeb115000,0x00007ffeeb915000)]
  0x00007fcb58056000 JavaThread "Thread-1" daemon [_thread_blocked, id=25355, stack(0x000070000f9e3000,0x000070000fae3000)]
  0x00007fcb600d3000 JavaThread "QuantumRenderer-0" daemon [_thread_blocked, id=22019, stack(0x000070000f8e0000,0x000070000f9e0000)]
  0x00007fcb38024800 JavaThread "Service Thread" daemon [_thread_blocked, id=14851, stack(0x000070000f6da000,0x000070000f7da000)]
  0x00007fcb62012800 JavaThread "C1 CompilerThread3" daemon [_thread_blocked, id=15107, stack(0x000070000f5d7000,0x000070000f6d7000)]
  0x00007fcb58827000 JavaThread "C2 CompilerThread2" daemon [_thread_blocked, id=15619, stack(0x000070000f4d4000,0x000070000f5d4000)]
  0x00007fcb58824800 JavaThread "C2 CompilerThread1" daemon [_thread_blocked, id=16131, stack(0x000070000f3d1000,0x000070000f4d1000)]
  0x00007fcb3800b800 JavaThread "C2 CompilerThread0" daemon [_thread_blocked, id=16387, stack(0x000070000f2ce000,0x000070000f3ce000)]
  0x00007fcb58826000 JavaThread "Monitor Ctrl-Break" daemon [_thread_in_native, id=16899, stack(0x000070000f1cb000,0x000070000f2cb000)]
  0x00007fcb60830800 JavaThread "Signal Dispatcher" daemon [_thread_blocked, id=17411, stack(0x000070000f0c8000,0x000070000f1c8000)]
  0x00007fcb6081f000 JavaThread "Finalizer" daemon [_thread_blocked, id=11779, stack(0x000070000eebf000,0x000070000efbf000)]
  0x00007fcb6081e000 JavaThread "Reference Handler" daemon [_thread_blocked, id=19459, stack(0x000070000edbc000,0x000070000eebc000)]
  0x00007fcb60809800 JavaThread "main" [_thread_blocked, id=4099, stack(0x000070000e39e000,0x000070000e49e000)]

Other Threads:
  0x00007fcb5802d000 VMThread [stack: 0x000070000ecb9000,0x000070000edb9000] [id=19971]
  0x00007fcb6086b000 WatcherThread [stack: 0x000070000f7dd000,0x000070000f8dd000] [id=21763]

VM state:not at safepoint (normal execution)

VM Mutex/Monitor currently owned by a thread: None

heap address: 0x00000005c0000000, size: 8192 MB, Compressed Oops mode: Zero based, Oop shift amount: 3
Narrow klass base: 0x0000000000000000, Narrow klass shift: 3
Compressed class space size: 1073741824 Address: 0x00000007c0000000

Heap:
 PSYoungGen      total 284672K, used 216269K [0x0000000715580000, 0x0000000728080000, 0x00000007c0000000)
  eden space 263168K, 74% used [0x0000000715580000,0x00000007213b3728,0x0000000725680000)
  from space 21504K, 99% used [0x0000000726b80000,0x000000072807feb0,0x0000000728080000)
  to   space 21504K, 0% used [0x0000000725680000,0x0000000725680000,0x0000000726b80000)
 ParOldGen       total 349696K, used 16694K [0x00000005c0000000, 0x00000005d5580000, 0x0000000715580000)
  object space 349696K, 4% used [0x00000005c0000000,0x00000005c104d838,0x00000005d5580000)
 Metaspace       used 19403K, capacity 20226K, committed 20352K, reserved 1067008K
  class space    used 2663K, capacity 2844K, committed 2944K, reserved 1048576K

Card table byte_map: [0x0000000106779000,0x000000010777a000] byte_map_base: 0x0000000103979000

Marking Bits: (ParMarkBitMap*) 0x0000000105cfbe40
 Begin Bits: [0x0000000121bea000, 0x0000000129bea000)
 End Bits:   [0x0000000129bea000, 0x0000000131bea000)

Polling page: 0x0000000104366000

CodeCache: size=245760Kb used=12818Kb max_used=14100Kb free=232941Kb
 bounds [0x0000000112bea000, 0x00000001139ca000, 0x0000000121bea000]
 total_blobs=4372 nmethods=3692 adapters=593
 compilation: enabled

Compilation events (10 events):
Event: 131.449 Thread 0x00007fcb62012800 nmethod 4189 0x000000011307e150 code [0x000000011307e2c0, 0x000000011307e5c8]
Event: 131.449 Thread 0x00007fcb62012800 4191       3       java.io.BufferedWriter::min (9 bytes)
Event: 131.449 Thread 0x00007fcb62012800 nmethod 4191 0x0000000112e50150 code [0x0000000112e502c0, 0x0000000112e50450]
Event: 131.449 Thread 0x00007fcb62012800 4192       3       sun.nio.cs.StreamEncoder::ensureOpen (18 bytes)
Event: 131.449 Thread 0x00007fcb58824800 nmethod 4195 0x0000000112ea21d0 code [0x0000000112ea2320, 0x0000000112ea23b8]
Event: 131.449 Thread 0x00007fcb62012800 nmethod 4192 0x0000000112ec8610 code [0x0000000112ec8780, 0x0000000112ec89c8]
Event: 131.449 Thread 0x00007fcb62012800 4193   !   3       java.io.BufferedWriter::flushBuffer (53 bytes)
Event: 131.449 Thread 0x00007fcb62012800 nmethod 4193 0x0000000113088090 code [0x0000000113088240, 0x0000000113088818]
Event: 131.449 Thread 0x00007fcb62012800 4194       3       java.io.OutputStreamWriter::write (11 bytes)
Event: 131.450 Thread 0x00007fcb62012800 nmethod 4194 0x0000000112fbe550 code [0x0000000112fbe6c0, 0x0000000112fbe868]

GC Heap History (8 events):
Event: 22.892 GC heap before
{Heap before GC invocations=1 (full 0):
 PSYoungGen      total 153088K, used 131584K [0x0000000715580000, 0x0000000720000000, 0x00000007c0000000)
  eden space 131584K, 100% used [0x0000000715580000,0x000000071d600000,0x000000071d600000)
  from space 21504K, 0% used [0x000000071eb00000,0x000000071eb00000,0x0000000720000000)
  to   space 21504K, 0% used [0x000000071d600000,0x000000071d600000,0x000000071eb00000)
 ParOldGen       total 349696K, used 0K [0x00000005c0000000, 0x00000005d5580000, 0x0000000715580000)
  object space 349696K, 0% used [0x00000005c0000000,0x00000005c0000000,0x00000005d5580000)
 Metaspace       used 17977K, capacity 18644K, committed 18816K, reserved 1064960K
  class space    used 2477K, capacity 2645K, committed 2688K, reserved 1048576K
Event: 22.900 GC heap after
Heap after GC invocations=1 (full 0):
 PSYoungGen      total 153088K, used 19747K [0x0000000715580000, 0x0000000720000000, 0x00000007c0000000)
  eden space 131584K, 0% used [0x0000000715580000,0x0000000715580000,0x000000071d600000)
  from space 21504K, 91% used [0x000000071d600000,0x000000071e948db8,0x000000071eb00000)
  to   space 21504K, 0% used [0x000000071eb00000,0x000000071eb00000,0x0000000720000000)
 ParOldGen       total 349696K, used 96K [0x00000005c0000000, 0x00000005d5580000, 0x0000000715580000)
  object space 349696K, 0% used [0x00000005c0000000,0x00000005c0018010,0x00000005d5580000)
 Metaspace       used 17977K, capacity 18644K, committed 18816K, reserved 1064960K
  class space    used 2477K, capacity 2645K, committed 2688K, reserved 1048576K
}
Event: 22.977 GC heap before
{Heap before GC invocations=2 (full 0):
 PSYoungGen      total 153088K, used 151331K [0x0000000715580000, 0x0000000720000000, 0x00000007c0000000)
  eden space 131584K, 100% used [0x0000000715580000,0x000000071d600000,0x000000071d600000)
  from space 21504K, 91% used [0x000000071d600000,0x000000071e948db8,0x000000071eb00000)
  to   space 21504K, 0% used [0x000000071eb00000,0x000000071eb00000,0x0000000720000000)
 ParOldGen       total 349696K, used 96K [0x00000005c0000000, 0x00000005d5580000, 0x0000000715580000)
  object space 349696K, 0% used [0x00000005c0000000,0x00000005c0018010,0x00000005d5580000)
 Metaspace       used 17986K, capacity 18708K, committed 18816K, reserved 1064960K
  class space    used 2477K, capacity 2645K, committed 2688K, reserved 1048576K
Event: 22.986 GC heap after
Heap after GC invocations=2 (full 0):
 PSYoungGen      total 153088K, used 20163K [0x0000000715580000, 0x0000000728080000, 0x00000007c0000000)
  eden space 131584K, 0% used [0x0000000715580000,0x0000000715580000,0x000000071d600000)
  from space 21504K, 93% used [0x000000071eb00000,0x000000071feb0db8,0x0000000720000000)
  to   space 21504K, 0% used [0x000000071d600000,0x000000071d600000,0x000000071eb00000)
 ParOldGen       total 349696K, used 104K [0x00000005c0000000, 0x00000005d5580000, 0x0000000715580000)
  object space 349696K, 0% used [0x00000005c0000000,0x00000005c001a010,0x00000005d5580000)
 Metaspace       used 17986K, capacity 18708K, committed 18816K, reserved 1064960K
  class space    used 2477K, capacity 2645K, committed 2688K, reserved 1048576K
}
Event: 23.079 GC heap before
{Heap before GC invocations=3 (full 0):
 PSYoungGen      total 153088K, used 151747K [0x0000000715580000, 0x0000000728080000, 0x00000007c0000000)
  eden space 131584K, 100% used [0x0000000715580000,0x000000071d600000,0x000000071d600000)
  from space 21504K, 93% used [0x000000071eb00000,0x000000071feb0db8,0x0000000720000000)
  to   space 21504K, 0% used [0x000000071d600000,0x000000071d600000,0x000000071eb00000)
 ParOldGen       total 349696K, used 104K [0x00000005c0000000, 0x00000005d5580000, 0x0000000715580000)
  object space 349696K, 0% used [0x00000005c0000000,0x00000005c001a010,0x00000005d5580000)
 Metaspace       used 17992K, capacity 18708K, committed 18816K, reserved 1064960K
  class space    used 2477K, capacity 2645K, committed 2688K, reserved 1048576K
Event: 23.084 GC heap after
Heap after GC invocations=3 (full 0):
 PSYoungGen      total 153088K, used 20499K [0x0000000715580000, 0x0000000728080000, 0x00000007c0000000)
  eden space 131584K, 0% used [0x0000000715580000,0x0000000715580000,0x000000071d600000)
  from space 21504K, 95% used [0x000000071d600000,0x000000071ea04db8,0x000000071eb00000)
  to   space 21504K, 0% used [0x0000000726b80000,0x0000000726b80000,0x0000000728080000)
 ParOldGen       total 349696K, used 112K [0x00000005c0000000, 0x00000005d5580000, 0x0000000715580000)
  object space 349696K, 0% used [0x00000005c0000000,0x00000005c001c010,0x00000005d5580000)
 Metaspace       used 17992K, capacity 18708K, committed 18816K, reserved 1064960K
  class space    used 2477K, capacity 2645K, committed 2688K, reserved 1048576K
}
Event: 23.390 GC heap before
{Heap before GC invocations=4 (full 0):
 PSYoungGen      total 153088K, used 152083K [0x0000000715580000, 0x0000000728080000, 0x00000007c0000000)
  eden space 131584K, 100% used [0x0000000715580000,0x000000071d600000,0x000000071d600000)
  from space 21504K, 95% used [0x000000071d600000,0x000000071ea04db8,0x000000071eb00000)
  to   space 21504K, 0% used [0x0000000726b80000,0x0000000726b80000,0x0000000728080000)
 ParOldGen       total 349696K, used 112K [0x00000005c0000000, 0x00000005d5580000, 0x0000000715580000)
  object space 349696K, 0% used [0x00000005c0000000,0x00000005c001c010,0x00000005d5580000)
 Metaspace       used 18287K, capacity 19072K, committed 19328K, reserved 1067008K
  class space    used 2496K, capacity 2679K, committed 2688K, reserved 1048576K
Event: 23.408 GC heap after
Heap after GC invocations=4 (full 0):
 PSYoungGen      total 284672K, used 21503K [0x0000000715580000, 0x0000000728080000, 0x00000007c0000000)
  eden space 263168K, 0% used [0x0000000715580000,0x0000000715580000,0x0000000725680000)
  from space 21504K, 99% used [0x0000000726b80000,0x000000072807feb0,0x0000000728080000)
  to   space 21504K, 0% used [0x0000000725680000,0x0000000725680000,0x0000000726b80000)
 ParOldGen       total 349696K, used 16694K [0x00000005c0000000, 0x00000005d5580000, 0x0000000715580000)
  object space 349696K, 4% used [0x00000005c0000000,0x00000005c104d838,0x00000005d5580000)
 Metaspace       used 18287K, capacity 19072K, committed 19328K, reserved 1067008K
  class space    used 2496K, capacity 2679K, committed 2688K, reserved 1048576K
}

Deoptimization events (10 events):
Event: 37.395 Thread 0x00007fcb5805a000 Uncommon trap: reason=unstable_if action=reinterpret pc=0x000000011376321c method=com.sun.javafx.util.WeakReferenceQueue.remove(Ljava/lang/Object;)V @ 27
Event: 37.504 Thread 0x00007fcb5805a000 Uncommon trap: reason=bimorphic action=maybe_recompile pc=0x00000001138e0998 method=java.util.ArrayList.remove(Ljava/lang/Object;)Z @ 56
Event: 37.504 Thread 0x00007fcb5805a000 Uncommon trap: reason=bimorphic action=maybe_recompile pc=0x00000001138e0998 method=java.util.ArrayList.remove(Ljava/lang/Object;)Z @ 56
Event: 37.506 Thread 0x00007fcb5805a000 Uncommon trap: reason=bimorphic action=maybe_recompile pc=0x00000001138e0998 method=java.util.ArrayList.remove(Ljava/lang/Object;)Z @ 56
Event: 37.506 Thread 0x00007fcb5805a000 Uncommon trap: reason=bimorphic action=maybe_recompile pc=0x00000001138e0998 method=java.util.ArrayList.remove(Ljava/lang/Object;)Z @ 56
Event: 48.938 Thread 0x00007fcb5805a000 Uncommon trap: reason=unstable_if action=reinterpret pc=0x000000011319ad6c method=com.sun.javafx.geom.Path2D.needRoom(ZI)V @ 57
Event: 48.938 Thread 0x00007fcb5805a000 Uncommon trap: reason=unstable_if action=reinterpret pc=0x000000011317e90c method=com.sun.javafx.geom.Path2D.needRoom(ZI)V @ 57
Event: 128.847 Thread 0x00007fcb5805a000 Uncommon trap: reason=unstable_if action=reinterpret pc=0x0000000112d1af48 method=com.sun.javafx.text.TextRun.getPosX(I)F @ 75
Event: 129.809 Thread 0x00007fcb5805a000 Uncommon trap: reason=unstable_if action=reinterpret pc=0x00000001138e9644 method=javafx.scene.Node.reapplyCss()V @ 155
Event: 129.838 Thread 0x00007fcb5805a000 Uncommon trap: reason=null_check action=make_not_entrant pc=0x00000001138307ec method=javafx.scene.chart.LineChart.layoutPlotChildren()V @ 32

Classes redefined (0 events):
No events

Internal exceptions (10 events):
Event: 0.658 Thread 0x00007fcb5805a000 Exception <a 'java/lang/ArrayIndexOutOfBoundsException'> (0x00000007178d3438) thrown at [/Users/java_re/workspace/8-2-build-macosx-x86_64/jdk8u211/12973/hotspot/src/share/vm/runtime/sharedRuntime.cpp, line 605]
Event: 0.658 Thread 0x00007fcb5805a000 Exception <a 'java/lang/ArrayIndexOutOfBoundsException'> (0x00000007178d52e0) thrown at [/Users/java_re/workspace/8-2-build-macosx-x86_64/jdk8u211/12973/hotspot/src/share/vm/runtime/sharedRuntime.cpp, line 605]
Event: 1.127 Thread 0x00007fcb5805a000 Implicit null exception at 0x0000000112eea029 to 0x0000000112eea07d
Event: 24.123 Thread 0x00007fcb5805a000 Implicit null exception at 0x000000011374dfc9 to 0x000000011374e7b5
Event: 33.076 Thread 0x00007fcb5805a000 Implicit null exception at 0x000000011376071b to 0x00000001137607c7
Event: 34.970 Thread 0x00007fcb5805a000 Implicit null exception at 0x0000000113723f66 to 0x000000011372a745
Event: 34.978 Thread 0x00007fcb5805a000 Implicit null exception at 0x00000001136a8f51 to 0x00000001136aa33d
Event: 129.838 Thread 0x00007fcb5805a000 Implicit null exception at 0x000000011382c7cb to 0x00000001138307dd
Event: 129.838 Thread 0x00007fcb5805a000 Exception <a 'java/lang/NullPointerException'> (0x00000007208ab590) thrown at [/Users/java_re/workspace/8-2-build-macosx-x86_64/jdk8u211/12973/hotspot/src/share/vm/prims/jvm.cpp, line 1506]
Event: 129.838 Thread 0x00007fcb5805a000 Exception <a 'java/lang/NullPointerException'> (0x00000007208ab590) thrown at [/Users/java_re/workspace/8-2-build-macosx-x86_64/jdk8u211/12973/hotspot/src/share/vm/prims/jvm.cpp, line 1506]

Events (10 events):
Event: 129.834 Thread 0x00007fcb62012800 flushing nmethod 0x000000011365cd50
Event: 129.834 Thread 0x00007fcb62012800 flushing nmethod 0x000000011365f250
Event: 129.834 Thread 0x00007fcb62012800 flushing nmethod 0x000000011366d210
Event: 129.834 Thread 0x00007fcb62012800 flushing nmethod 0x0000000113677a50
Event: 129.834 Thread 0x00007fcb62012800 flushing nmethod 0x00000001136792d0
Event: 129.838 Thread 0x00007fcb5805a000 Uncommon trap: trap_request=0xfffffff4 fr.pc=0x00000001138307ec
Event: 129.838 Thread 0x00007fcb5805a000 DEOPT PACKING pc=0x00000001138307ec sp=0x00007ffeeb909540
Event: 129.838 Thread 0x00007fcb5805a000 DEOPT UNPACKING pc=0x0000000112c2f73a sp=0x00007ffeeb909528 mode 2
Event: 129.976 Executing VM operation: RevokeBias
Event: 129.976 Executing VM operation: RevokeBias done


Dynamic libraries:
0x00007fff35883000 	/System/Library/Frameworks/Cocoa.framework/Versions/A/Cocoa
0x00007fff43060000 	/System/Library/Frameworks/Security.framework/Versions/A/Security
0x00007fff347ed000 	/System/Library/Frameworks/ApplicationServices.framework/Versions/A/ApplicationServices
0x00007fff6fa71000 	/usr/lib/libz.1.dylib
0x00007fff6d535000 	/usr/lib/libSystem.B.dylib
0x00007fff6f395000 	/usr/lib/libobjc.A.dylib
0x00007fff3671e000 	/System/Library/Frameworks/CoreFoundation.framework/Versions/A/CoreFoundation
0x00007fff38dd4000 	/System/Library/Frameworks/Foundation.framework/Versions/C/Foundation
0x00007fff339de000 	/System/Library/Frameworks/AppKit.framework/Versions/C/AppKit
0x00007fff36207000 	/System/Library/Frameworks/CoreData.framework/Versions/A/CoreData
0x00007fff67556000 	/System/Library/PrivateFrameworks/UIFoundation.framework/Versions/A/UIFoundation
0x00007fff62604000 	/System/Library/PrivateFrameworks/RemoteViewServices.framework/Versions/A/RemoteViewServices
0x00007fff6a0aa000 	/System/Library/PrivateFrameworks/XCTTargetBootstrap.framework/Versions/A/XCTTargetBootstrap
0x00007fff365f2000 	/System/Library/Frameworks/CoreDisplay.framework/Versions/A/CoreDisplay
0x00007fff3bc8d000 	/System/Library/Frameworks/Metal.framework/Versions/A/Metal
0x00007fff50673000 	/System/Library/PrivateFrameworks/DesktopServicesPriv.framework/Versions/A/DesktopServicesPriv
0x00007fff6e672000 	/usr/lib/liblangid.dylib
0x00007fff4f90c000 	/System/Library/PrivateFrameworks/CoreSVG.framework/Versions/A/CoreSVG
0x00007fff6575a000 	/System/Library/PrivateFrameworks/SkyLight.framework/Versions/A/SkyLight
0x00007fff36b9f000 	/System/Library/Frameworks/CoreGraphics.framework/Versions/A/CoreGraphics
0x00007fff323b2000 	/System/Library/Frameworks/Accelerate.framework/Versions/A/Accelerate
0x00007fff6f962000 	/usr/lib/libxml2.2.dylib
0x00007fff5b5b6000 	/System/Library/PrivateFrameworks/IconServices.framework/Versions/A/IconServices
0x00007fff395b3000 	/System/Library/Frameworks/IOSurface.framework/Versions/A/IOSurface
0x00007fff6d05f000 	/usr/lib/libDiagnosticMessagesClient.dylib
0x00007fff504cd000 	/System/Library/PrivateFrameworks/DFRFoundation.framework/Versions/A/DFRFoundation
0x00007fff6e401000 	/usr/lib/libicucore.A.dylib
0x00007fff34b1f000 	/System/Library/Frameworks/AudioToolbox.framework/Versions/A/AudioToolbox
0x00007fff34c02000 	/System/Library/Frameworks/AudioUnit.framework/Versions/A/AudioUnit
0x00007fff6d737000 	/usr/lib/libauto.dylib
0x00007fff5056f000 	/System/Library/PrivateFrameworks/DataDetectorsCore.framework/Versions/A/DataDetectorsCore
0x00007fff353a4000 	/System/Library/Frameworks/Carbon.framework/Versions/A/Frameworks/HIToolbox.framework/Versions/A/HIToolbox
0x00007fff4225d000 	/System/Library/Frameworks/QuartzCore.framework/Versions/A/QuartzCore
0x00007fff356e3000 	/System/Library/Frameworks/Carbon.framework/Versions/A/Frameworks/SpeechRecognition.framework/Versions/A/SpeechRecognition
0x00007fff4ffe4000 	/System/Library/PrivateFrameworks/CoreUI.framework/Versions/A/CoreUI
0x00007fff35c72000 	/System/Library/Frameworks/CoreAudio.framework/Versions/A/CoreAudio
0x00007fff38a99000 	/System/Library/Frameworks/DiskArbitration.framework/Versions/A/DiskArbitration
0x00007fff5d603000 	/System/Library/PrivateFrameworks/MultitouchSupport.framework/Versions/A/MultitouchSupport
0x00007fff6e2c8000 	/usr/lib/libenergytrace.dylib
0x00007fff3950d000 	/System/Library/Frameworks/IOKit.framework/Versions/A/IOKit
0x00007fff37b06000 	/System/Library/Frameworks/CoreServices.framework/Versions/A/CoreServices
0x00007fff5f79a000 	/System/Library/PrivateFrameworks/PerformanceAnalysis.framework/Versions/A/PerformanceAnalysis
0x00007fff41290000 	/System/Library/Frameworks/OpenGL.framework/Versions/A/OpenGL
0x00007fff35891000 	/System/Library/Frameworks/ColorSync.framework/Versions/A/ColorSync
0x00007fff37221000 	/System/Library/Frameworks/CoreImage.framework/Versions/A/CoreImage
0x00007fff38578000 	/System/Library/Frameworks/CoreText.framework/Versions/A/CoreText
0x00007fff39643000 	/System/Library/Frameworks/ImageIO.framework/Versions/A/ImageIO
0x00007fff6d81b000 	/usr/lib/libc++.1.dylib
0x00007fff6d897000 	/usr/lib/libcompression.dylib
0x00007fff6d3a3000 	/usr/lib/libMobileGestalt.dylib
0x00007fff672cf000 	/System/Library/PrivateFrameworks/TextureIO.framework/Versions/A/TextureIO
0x00007fff6d69a000 	/usr/lib/libate.dylib
0x00007fff5b7bf000 	/System/Library/PrivateFrameworks/InternationalSupport.framework/Versions/A/InternationalSupport
0x00007fff70331000 	/usr/lib/system/libcache.dylib
0x00007fff70337000 	/usr/lib/system/libcommonCrypto.dylib
0x00007fff70343000 	/usr/lib/system/libcompiler_rt.dylib
0x00007fff7034b000 	/usr/lib/system/libcopyfile.dylib
0x00007fff70355000 	/usr/lib/system/libcorecrypto.dylib
0x00007fff704f4000 	/usr/lib/system/libdispatch.dylib
0x00007fff70535000 	/usr/lib/system/libdyld.dylib
0x00007fff7056c000 	/usr/lib/system/libkeymgr.dylib
0x00007fff7057a000 	/usr/lib/system/liblaunch.dylib
0x00007fff7057b000 	/usr/lib/system/libmacho.dylib
0x00007fff70581000 	/usr/lib/system/libquarantine.dylib
0x00007fff70584000 	/usr/lib/system/libremovefile.dylib
0x00007fff70586000 	/usr/lib/system/libsystem_asl.dylib
0x00007fff7059e000 	/usr/lib/system/libsystem_blocks.dylib
0x00007fff7059f000 	/usr/lib/system/libsystem_c.dylib
0x00007fff70627000 	/usr/lib/system/libsystem_configuration.dylib
0x00007fff7062b000 	/usr/lib/system/libsystem_coreservices.dylib
0x00007fff7062f000 	/usr/lib/system/libsystem_darwin.dylib
0x00007fff70638000 	/usr/lib/system/libsystem_dnssd.dylib
0x00007fff70640000 	/usr/lib/system/libsystem_featureflags.dylib
0x00007fff70642000 	/usr/lib/system/libsystem_info.dylib
0x00007fff706bd000 	/usr/lib/system/libsystem_m.dylib
0x00007fff70705000 	/usr/lib/system/libsystem_malloc.dylib
0x00007fff7072d000 	/usr/lib/system/libsystem_networkextension.dylib
0x00007fff7073b000 	/usr/lib/system/libsystem_notify.dylib
0x00007fff70759000 	/usr/lib/system/libsystem_sandbox.dylib
0x00007fff7075e000 	/usr/lib/system/libsystem_secinit.dylib
0x00007fff70690000 	/usr/lib/system/libsystem_kernel.dylib
0x00007fff70745000 	/usr/lib/system/libsystem_platform.dylib
0x00007fff7074e000 	/usr/lib/system/libsystem_pthread.dylib
0x00007fff70761000 	/usr/lib/system/libsystem_symptoms.dylib
0x00007fff70769000 	/usr/lib/system/libsystem_trace.dylib
0x00007fff70781000 	/usr/lib/system/libunwind.dylib
0x00007fff70787000 	/usr/lib/system/libxpc.dylib
0x00007fff6d86e000 	/usr/lib/libc++abi.dylib
0x00007fff6e674000 	/usr/lib/liblzma.5.dylib
0x00007fff6e2ef000 	/usr/lib/libfakelink.dylib
0x00007fff6d627000 	/usr/lib/libarchive.2.dylib
0x00007fff44110000 	/System/Library/Frameworks/SystemConfiguration.framework/Versions/A/SystemConfiguration
0x00007fff6cf92000 	/usr/lib/libCRFSuite.dylib
0x00007fff34f95000 	/System/Library/Frameworks/CFNetwork.framework/Versions/A/CFNetwork
0x00007fff6d7fd000 	/usr/lib/libbsm.0.dylib
0x00007fff7056d000 	/usr/lib/system/libkxld.dylib
0x00007fff49ea2000 	/System/Library/PrivateFrameworks/AppleFSCompression.framework/Versions/A/AppleFSCompression
0x00007fff6db88000 	/usr/lib/libcoretls.dylib
0x00007fff6db9f000 	/usr/lib/libcoretls_cfhelpers.dylib
0x00007fff6f3db000 	/usr/lib/libpam.2.dylib
0x00007fff6f510000 	/usr/lib/libsqlite3.dylib
0x00007fff6f94f000 	/usr/lib/libxar.1.dylib
0x00007fff6d80e000 	/usr/lib/libbz2.1.0.dylib
0x00007fff6e310000 	/usr/lib/libiconv.2.dylib
0x00007fff6d884000 	/usr/lib/libcharset.1.dylib
0x00007fff6ee7a000 	/usr/lib/libnetwork.dylib
0x00007fff6f3e2000 	/usr/lib/libpcap.A.dylib
0x00007fff6d5dc000 	/usr/lib/libapple_nghttp2.dylib
0x00007fff37ebd000 	/System/Library/Frameworks/CoreServices.framework/Versions/A/Frameworks/FSEvents.framework/Versions/A/FSEvents
0x00007fff37b8d000 	/System/Library/Frameworks/CoreServices.framework/Versions/A/Frameworks/CarbonCore.framework/Versions/A/CarbonCore
0x00007fff38100000 	/System/Library/Frameworks/CoreServices.framework/Versions/A/Frameworks/Metadata.framework/Versions/A/Metadata
0x00007fff38199000 	/System/Library/Frameworks/CoreServices.framework/Versions/A/Frameworks/OSServices.framework/Versions/A/OSServices
0x00007fff381c7000 	/System/Library/Frameworks/CoreServices.framework/Versions/A/Frameworks/SearchKit.framework/Versions/A/SearchKit
0x00007fff37b07000 	/System/Library/Frameworks/CoreServices.framework/Versions/A/Frameworks/AE.framework/Versions/A/AE
0x00007fff37ec6000 	/System/Library/Frameworks/CoreServices.framework/Versions/A/Frameworks/LaunchServices.framework/Versions/A/LaunchServices
0x00007fff37e6f000 	/System/Library/Frameworks/CoreServices.framework/Versions/A/Frameworks/DictionaryServices.framework/Versions/A/DictionaryServices
0x00007fff3822f000 	/System/Library/Frameworks/CoreServices.framework/Versions/A/Frameworks/SharedFileList.framework/Versions/A/SharedFileList
0x00007fff3d0b0000 	/System/Library/Frameworks/NetFS.framework/Versions/A/NetFS
0x00007fff5db32000 	/System/Library/PrivateFrameworks/NetAuth.framework/Versions/A/NetAuth
0x00007fff6a477000 	/System/Library/PrivateFrameworks/login.framework/Versions/A/Frameworks/loginsupport.framework/Versions/A/loginsupport
0x00007fff66d9c000 	/System/Library/PrivateFrameworks/TCC.framework/Versions/A/TCC
0x00007fff4ea7f000 	/System/Library/PrivateFrameworks/CoreNLP.framework/Versions/A/CoreNLP
0x00007fff5d031000 	/System/Library/PrivateFrameworks/MetadataUtilities.framework/Versions/A/MetadataUtilities
0x00007fff6e74c000 	/usr/lib/libmecabra.dylib
0x00007fff6e6a4000 	/usr/lib/libmecab.dylib
0x00007fff6e300000 	/usr/lib/libgermantok.dylib
0x00007fff6d5c3000 	/usr/lib/libThaiTokenizer.dylib
0x00007fff6cfc9000 	/usr/lib/libChineseTokenizer.dylib
0x00007fff323ca000 	/System/Library/Frameworks/Accelerate.framework/Versions/A/Frameworks/vImage.framework/Versions/A/vImage
0x00007fff33834000 	/System/Library/Frameworks/Accelerate.framework/Versions/A/Frameworks/vecLib.framework/Versions/A/vecLib
0x00007fff33771000 	/System/Library/Frameworks/Accelerate.framework/Versions/A/Frameworks/vecLib.framework/Versions/A/libvMisc.dylib
0x00007fff33599000 	/System/Library/Frameworks/Accelerate.framework/Versions/A/Frameworks/vecLib.framework/Versions/A/libvDSP.dylib
0x00007fff32a21000 	/System/Library/Frameworks/Accelerate.framework/Versions/A/Frameworks/vecLib.framework/Versions/A/libBLAS.dylib
0x00007fff3315d000 	/System/Library/Frameworks/Accelerate.framework/Versions/A/Frameworks/vecLib.framework/Versions/A/libLAPACK.dylib
0x00007fff334f9000 	/System/Library/Frameworks/Accelerate.framework/Versions/A/Frameworks/vecLib.framework/Versions/A/libLinearAlgebra.dylib
0x00007fff33586000 	/System/Library/Frameworks/Accelerate.framework/Versions/A/Frameworks/vecLib.framework/Versions/A/libSparseBLAS.dylib
0x00007fff3350f000 	/System/Library/Frameworks/Accelerate.framework/Versions/A/Frameworks/vecLib.framework/Versions/A/libQuadrature.dylib
0x00007fff32c89000 	/System/Library/Frameworks/Accelerate.framework/Versions/A/Frameworks/vecLib.framework/Versions/A/libBNNS.dylib
0x00007fff33515000 	/System/Library/Frameworks/Accelerate.framework/Versions/A/Frameworks/vecLib.framework/Versions/A/libSparse.dylib
0x00007fff5bba7000 	/System/Library/PrivateFrameworks/LanguageModeling.framework/Versions/A/LanguageModeling
0x00007fff4e42f000 	/System/Library/PrivateFrameworks/CoreEmoji.framework/Versions/A/CoreEmoji
0x00007fff5bcc5000 	/System/Library/PrivateFrameworks/LinguisticData.framework/Versions/A/LinguisticData
0x00007fff5bc76000 	/System/Library/PrivateFrameworks/Lexicon.framework/Versions/A/Lexicon
0x00007fff6d885000 	/usr/lib/libcmph.dylib
0x00007fff3fc9e000 	/System/Library/Frameworks/OpenDirectory.framework/Versions/A/Frameworks/CFOpenDirectory.framework/Versions/A/CFOpenDirectory
0x00007fff3fcbb000 	/System/Library/Frameworks/OpenDirectory.framework/Versions/A/OpenDirectory
0x00007fff480db000 	/System/Library/PrivateFrameworks/APFS.framework/Versions/A/APFS
0x00007fff433aa000 	/System/Library/Frameworks/SecurityFoundation.framework/Versions/A/SecurityFoundation
0x00007fff6f94b000 	/usr/lib/libutil.dylib
0x00007fff4f964000 	/System/Library/PrivateFrameworks/CoreServicesStore.framework/Versions/A/CoreServicesStore
0x00007fff43461000 	/System/Library/Frameworks/ServiceManagement.framework/Versions/A/ServiceManagement
0x00007fff4b670000 	/System/Library/PrivateFrameworks/BackgroundTaskManagement.framework/Versions/A/BackgroundTaskManagement
0x00007fff6fa48000 	/usr/lib/libxslt.1.dylib
0x00007fff4a514000 	/System/Library/PrivateFrameworks/AppleSystemInfo.framework/Versions/A/AppleSystemInfo
0x00007fff3985e000 	/System/Library/Frameworks/ImageIO.framework/Versions/A/Resources/libJPEG.dylib
0x00007fff39b1a000 	/System/Library/Frameworks/ImageIO.framework/Versions/A/Resources/libTIFF.dylib
0x00007fff39afd000 	/System/Library/Frameworks/ImageIO.framework/Versions/A/Resources/libPng.dylib
0x00007fff397a0000 	/System/Library/Frameworks/ImageIO.framework/Versions/A/Resources/libGIF.dylib
0x00007fff397a4000 	/System/Library/Frameworks/ImageIO.framework/Versions/A/Resources/libJP2.dylib
0x00007fff39b18000 	/System/Library/Frameworks/ImageIO.framework/Versions/A/Resources/libRadiance.dylib
0x00007fff6e2c9000 	/usr/lib/libexpat.1.dylib
0x00007fff49ffd000 	/System/Library/PrivateFrameworks/AppleJPEG.framework/Versions/A/AppleJPEG
0x00007fff52c29000 	/System/Library/PrivateFrameworks/FontServices.framework/libFontParser.dylib
0x00007fff6947d000 	/System/Library/PrivateFrameworks/WatchdogClient.framework/Versions/A/WatchdogClient
0x00007fff5b203000 	/System/Library/PrivateFrameworks/IOAccelerator.framework/Versions/A/IOAccelerator
0x00007fff3c028000 	/System/Library/Frameworks/MetalPerformanceShaders.framework/Versions/A/MetalPerformanceShaders
0x00007fff5799c000 	/System/Library/PrivateFrameworks/GPUWrangler.framework/Versions/A/GPUWrangler
0x00007fff5b218000 	/System/Library/PrivateFrameworks/IOPresentment.framework/Versions/A/IOPresentment
0x00007fff504e0000 	/System/Library/PrivateFrameworks/DSExternalDisplay.framework/Versions/A/DSExternalDisplay
0x00007fff4062f000 	/System/Library/Frameworks/OpenGL.framework/Versions/A/Libraries/libCoreFSCache.dylib
0x00007fff3bd74000 	/System/Library/Frameworks/MetalPerformanceShaders.framework/Frameworks/MPSCore.framework/Versions/A/MPSCore
0x00007fff3bdb2000 	/System/Library/Frameworks/MetalPerformanceShaders.framework/Frameworks/MPSImage.framework/Versions/A/MPSImage
0x00007fff3be79000 	/System/Library/Frameworks/MetalPerformanceShaders.framework/Frameworks/MPSNeuralNetwork.framework/Versions/A/MPSNeuralNetwork
0x00007fff3be3d000 	/System/Library/Frameworks/MetalPerformanceShaders.framework/Frameworks/MPSMatrix.framework/Versions/A/MPSMatrix
0x00007fff3bfd8000 	/System/Library/Frameworks/MetalPerformanceShaders.framework/Frameworks/MPSRayIntersector.framework/Versions/A/MPSRayIntersector
0x00007fff3be63000 	/System/Library/Frameworks/MetalPerformanceShaders.framework/Frameworks/MPSNDArray.framework/Versions/A/MPSNDArray
0x00007fff5d07e000 	/System/Library/PrivateFrameworks/MetalTools.framework/Versions/A/MetalTools
0x00007fff492ad000 	/System/Library/PrivateFrameworks/AggregateDictionary.framework/Versions/A/AggregateDictionary
0x00007fff4de89000 	/System/Library/PrivateFrameworks/CoreAnalytics.framework/Versions/A/CoreAnalytics
0x00007fff4a433000 	/System/Library/PrivateFrameworks/AppleSauce.framework/Versions/A/AppleSauce
0x00007fff6d285000 	/usr/lib/libIOReport.dylib
0x00007fff38730000 	/System/Library/Frameworks/CoreVideo.framework/Versions/A/CoreVideo
0x00007fff58e16000 	/System/Library/PrivateFrameworks/GraphVisualizer.framework/Versions/A/GraphVisualizer
0x00007fff5217d000 	/System/Library/PrivateFrameworks/FaceCore.framework/Versions/A/FaceCore
0x00007fff3fc45000 	/System/Library/Frameworks/OpenCL.framework/Versions/A/OpenCL
0x00007fff6d0a7000 	/usr/lib/libFosl_dynamic.dylib
0x00007fff5e547000 	/System/Library/PrivateFrameworks/OTSVG.framework/Versions/A/OTSVG
0x00007fff348f2000 	/System/Library/Frameworks/ApplicationServices.framework/Versions/A/Frameworks/ATS.framework/Versions/A/Resources/libFontRegistry.dylib
0x00007fff52dfa000 	/System/Library/PrivateFrameworks/FontServices.framework/libhvf.dylib
0x00007fff4063a000 	/System/Library/Frameworks/OpenGL.framework/Versions/A/Libraries/libGFXShared.dylib
0x00007fff40818000 	/System/Library/Frameworks/OpenGL.framework/Versions/A/Libraries/libGLU.dylib
0x00007fff40643000 	/System/Library/Frameworks/OpenGL.framework/Versions/A/Libraries/libGL.dylib
0x00007fff4064e000 	/System/Library/Frameworks/OpenGL.framework/Versions/A/Libraries/libGLImage.dylib
0x00007fff4062c000 	/System/Library/Frameworks/OpenGL.framework/Versions/A/Libraries/libCVMSPluginSupport.dylib
0x00007fff40635000 	/System/Library/Frameworks/OpenGL.framework/Versions/A/Libraries/libCoreVMClient.dylib
0x00007fff6ed1b000 	/usr/lib/libncurses.5.4.dylib
0x00007fff347ee000 	/System/Library/Frameworks/ApplicationServices.framework/Versions/A/Frameworks/ATS.framework/Versions/A/ATS
0x00007fff349bb000 	/System/Library/Frameworks/ApplicationServices.framework/Versions/A/Frameworks/ColorSyncLegacy.framework/Versions/A/ColorSyncLegacy
0x00007fff34a59000 	/System/Library/Frameworks/ApplicationServices.framework/Versions/A/Frameworks/HIServices.framework/Versions/A/HIServices
0x00007fff34ab1000 	/System/Library/Frameworks/ApplicationServices.framework/Versions/A/Frameworks/LangAnalysis.framework/Versions/A/LangAnalysis
0x00007fff34ac0000 	/System/Library/Frameworks/ApplicationServices.framework/Versions/A/Frameworks/PrintCore.framework/Versions/A/PrintCore
0x00007fff34b06000 	/System/Library/Frameworks/ApplicationServices.framework/Versions/A/Frameworks/QD.framework/Versions/A/QD
0x00007fff34b11000 	/System/Library/Frameworks/ApplicationServices.framework/Versions/A/Frameworks/SpeechSynthesis.framework/Versions/A/SpeechSynthesis
0x00007fff3498b000 	/System/Library/Frameworks/ApplicationServices.framework/Versions/A/Frameworks/ATSUI.framework/Versions/A/ATSUI
0x00007fff6e15d000 	/usr/lib/libcups.2.dylib
0x00007fff3b0c5000 	/System/Library/Frameworks/Kerberos.framework/Versions/A/Kerberos
0x00007fff39206000 	/System/Library/Frameworks/GSS.framework/Versions/A/GSS
0x00007fff6f49c000 	/usr/lib/libresolv.9.dylib
0x00007fff58fc4000 	/System/Library/PrivateFrameworks/Heimdal.framework/Versions/A/Heimdal
0x00007fff3b0d8000 	/System/Library/Frameworks/Kerberos.framework/Versions/A/Libraries/libHeimdalProxy.dylib
0x00007fff6e306000 	/usr/lib/libheimdal-asn1.dylib
0x00007fff4d322000 	/System/Library/PrivateFrameworks/CommonAuth.framework/Versions/A/CommonAuth
0x00007fff4a5b1000 	/System/Library/PrivateFrameworks/AssertionServices.framework/Versions/A/AssertionServices
0x00007fff4b153000 	/System/Library/PrivateFrameworks/AudioToolboxCore.framework/Versions/A/AudioToolboxCore
0x00007fff6a127000 	/System/Library/PrivateFrameworks/caulk.framework/Versions/A/caulk
0x00007fff4b71c000 	/System/Library/PrivateFrameworks/BaseBoard.framework/Versions/A/BaseBoard
0x00007fff62792000 	/System/Library/PrivateFrameworks/RunningBoardServices.framework/Versions/A/RunningBoardServices
0x00007fff5f7a6000 	/System/Library/PrivateFrameworks/PersistentConnection.framework/Versions/A/PersistentConnection
0x00007fff6218c000 	/System/Library/PrivateFrameworks/ProtocolBuffer.framework/Versions/A/ProtocolBuffer
0x00007fff4d346000 	/System/Library/PrivateFrameworks/CommonUtilities.framework/Versions/A/CommonUtilities
0x00007fff4b8aa000 	/System/Library/PrivateFrameworks/Bom.framework/Versions/A/Bom
0x00007fff6cf58000 	/usr/lib/libAudioToolboxUtility.dylib
0x00007fff4b67a000 	/System/Library/PrivateFrameworks/Backup.framework/Versions/A/Backup
0x00007fff50401000 	/System/Library/PrivateFrameworks/CrashReporterSupport.framework/Versions/A/CrashReporterSupport
0x00007fff64220000 	/System/Library/PrivateFrameworks/Sharing.framework/Versions/A/Sharing
0x00007fff49bc0000 	/System/Library/PrivateFrameworks/Apple80211.framework/Versions/A/Apple80211
0x00007fff4b397000 	/System/Library/PrivateFrameworks/AuthKit.framework/Versions/A/AuthKit
0x00007fff50111000 	/System/Library/PrivateFrameworks/CoreUtils.framework/Versions/A/CoreUtils
0x00007fff38775000 	/System/Library/Frameworks/CoreWLAN.framework/Versions/A/CoreWLAN
0x00007fff39393000 	/System/Library/Frameworks/IOBluetooth.framework/Versions/A/IOBluetooth
0x00007fff5d382000 	/System/Library/PrivateFrameworks/MobileKeyBag.framework/Versions/A/MobileKeyBag
0x00007fff4ef17000 	/System/Library/PrivateFrameworks/CorePhoneNumbers.framework/Versions/A/CorePhoneNumbers
0x00007fff49fb0000 	/System/Library/PrivateFrameworks/AppleIDAuthSupport.framework/Versions/A/AppleIDAuthSupport
0x00007fff3d0bd000 	/System/Library/Frameworks/Network.framework/Versions/A/Network
0x00007fff5ba53000 	/System/Library/PrivateFrameworks/KeychainCircle.framework/Versions/A/KeychainCircle
0x00007fff361ce000 	/System/Library/Frameworks/CoreBluetooth.framework/Versions/A/CoreBluetooth
0x00007fff6629d000 	/System/Library/PrivateFrameworks/SpeechRecognitionCore.framework/Versions/A/SpeechRecognitionCore
0x00007fff2830f000 	/System/Library/CoreServices/Encodings/libSimplifiedChineseConverter.dylib
0x0000000105400000 	/Library/Java/JavaVirtualMachines/jdk1.8.0_211.jdk/Contents/Home/jre/lib/server/libjvm.dylib
0x00007fff6f81e000 	/usr/lib/libstdc++.6.dylib
0x0000000104322000 	/Library/Java/JavaVirtualMachines/jdk1.8.0_211.jdk/Contents/Home/jre/lib/libverify.dylib
0x0000000104330000 	/Library/Java/JavaVirtualMachines/jdk1.8.0_211.jdk/Contents/Home/jre/lib/libjava.dylib
0x0000000104367000 	/Library/Java/JavaVirtualMachines/jdk1.8.0_211.jdk/Contents/Home/jre/lib/libinstrument.dylib
0x00000001043d3000 	/Library/Java/JavaVirtualMachines/jdk1.8.0_211.jdk/Contents/Home/jre/lib/libzip.dylib
0x000000010b8ea000 	/Library/Java/JavaVirtualMachines/jdk1.8.0_211.jdk/Contents/Home/jre/lib/libnet.dylib
0x000000010b998000 	/Library/Java/JavaVirtualMachines/jdk1.8.0_211.jdk/Contents/Home/jre/lib/libprism_es2.dylib
0x00007fff4f930000 	/System/Library/PrivateFrameworks/CoreServicesInternal.framework/Versions/A/CoreServicesInternal
0x00007fff412a0000 	/System/Library/Frameworks/OpenGL.framework/Versions/A/Resources/GLEngine.bundle/GLEngine
0x00007fff40683000 	/System/Library/Frameworks/OpenGL.framework/Versions/A/Libraries/libGLProgrammability.dylib
0x00007fff2b807000 	/System/Library/Extensions/AppleIntelICLGraphicsGLDriver.bundle/Contents/MacOS/AppleIntelICLGraphicsGLDriver
0x00007fff57990000 	/System/Library/PrivateFrameworks/GPUSupport.framework/Versions/A/Libraries/libGPUSupportMercury.dylib
0x00007fff4141a000 	/System/Library/Frameworks/OpenGL.framework/Versions/A/Resources/GLRendererFloat.bundle/GLRendererFloat
0x00007fff3fc3c000 	/System/Library/Frameworks/OpenCL.framework/Versions/A/Libraries/libcldcpuengine.dylib
0x000000010bec3000 	/Library/Java/JavaVirtualMachines/jdk1.8.0_211.jdk/Contents/Home/jre/lib/libglass.dylib
0x00007fff38c91000 	/System/Library/Frameworks/FileProvider.framework/Versions/A/FileProvider
0x00007fff33835000 	/System/Library/Frameworks/Accounts.framework/Versions/A/Accounts
0x00007fff57cc1000 	/System/Library/PrivateFrameworks/GenerationalStorage.framework/Versions/A/GenerationalStorage
0x00007fff4feb6000 	/System/Library/PrivateFrameworks/CoreSymbolication.framework/Versions/A/CoreSymbolication
0x00007fff66add000 	/System/Library/PrivateFrameworks/SymptomDiagnosticReporter.framework/Versions/A/SymptomDiagnosticReporter
0x00007fff496c5000 	/System/Library/PrivateFrameworks/AppContainer.framework/Versions/A/AppContainer
0x00007fff6f4b6000 	/usr/lib/libsandbox.1.dylib
0x00007fff68421000 	/System/Library/PrivateFrameworks/UserManagement.framework/Versions/A/UserManagement
0x00007fff4c462000 	/System/Library/PrivateFrameworks/ChunkingLibrary.framework/Versions/A/ChunkingLibrary
0x00007fff50635000 	/System/Library/PrivateFrameworks/DebugSymbols.framework/Versions/A/DebugSymbols
0x00007fff49737000 	/System/Library/PrivateFrameworks/AppSandbox.framework/Versions/A/AppSandbox
0x00007fff640aa000 	/System/Library/PrivateFrameworks/SecCodeWrapper.framework/Versions/A/SecCodeWrapper
0x00007fff6d36d000 	/usr/lib/libMatch.1.dylib
0x00007fff28336000 	/System/Library/CoreServices/RawCamera.bundle/Contents/MacOS/RawCamera
0x00007fff5d1ac000 	/System/Library/PrivateFrameworks/MobileAsset.framework/Versions/A/MobileAsset
0x00007fff66985000 	/System/Library/PrivateFrameworks/StreamingZip.framework/Versions/A/StreamingZip
0x00007fff3b540000 	/System/Library/Frameworks/MediaToolbox.framework/Versions/A/MediaToolbox
0x00007fff4de39000 	/System/Library/PrivateFrameworks/CoreAVCHD.framework/Versions/A/CoreAVCHD
0x00007fff3b46a000 	/System/Library/Frameworks/MediaAccessibility.framework/Versions/A/MediaAccessibility
0x00007fff5c562000 	/System/Library/PrivateFrameworks/Mangrove.framework/Versions/A/Mangrove
0x00007fff3793d000 	/System/Library/Frameworks/CoreMedia.framework/Versions/A/CoreMedia
0x00007fff5c7ce000 	/System/Library/PrivateFrameworks/MediaExperience.framework/Versions/A/MediaExperience
0x00007fff443fd000 	/System/Library/Frameworks/VideoToolbox.framework/Versions/A/VideoToolbox
0x00007fff4da63000 	/System/Library/PrivateFrameworks/CoreAUC.framework/Versions/A/CoreAUC
0x00007fff6f50e000 	/usr/lib/libspindump.dylib
0x00007fff4ab02000 	/System/Library/PrivateFrameworks/AudioResourceArbitration.framework/Versions/A/AudioResourceArbitration
0x00007fff4a518000 	/System/Library/PrivateFrameworks/AppleVA.framework/Versions/A/AppleVA
0x00007fff323b3000 	/System/Library/Frameworks/Accelerate.framework/Versions/A/Frameworks/vImage.framework/Versions/A/Libraries/libCGInterfaces.dylib
0x000000010c8dd000 	/usr/lib/libobjc-trampolines.dylib
0x00007fff525a7000 	/System/Library/PrivateFrameworks/FamilyControls.framework/Versions/A/FamilyControls
0x00007fff4d316000 	/System/Library/PrivateFrameworks/CommerceKit.framework/Versions/A/Frameworks/CommerceCore.framework/Versions/A/CommerceCore
0x00007fff66b57000 	/System/Library/PrivateFrameworks/SystemAdministration.framework/Versions/A/SystemAdministration
0x00007fff50b37000 	/System/Library/PrivateFrameworks/DiskManagement.framework/Versions/A/DiskManagement
0x00007fff389be000 	/System/Library/Frameworks/DirectoryService.framework/Versions/A/DirectoryService
0x00007fff50a6e000 	/System/Library/PrivateFrameworks/DiskImages.framework/Versions/A/DiskImages
0x00007fff5bd6e000 	/System/Library/PrivateFrameworks/LoginUIKit.framework/Versions/A/Frameworks/LoginUICore.framework/Versions/A/LoginUICore
0x00007fff6cfd4000 	/usr/lib/libCoreStorage.dylib
0x00007fff6e14a000 	/usr/lib/libcsfde.dylib
0x00007fff6f3c9000 	/usr/lib/libodfde.dylib
0x00007fff5c859000 	/System/Library/PrivateFrameworks/MediaKit.framework/Versions/A/MediaKit
0x00007fff389ca000 	/System/Library/Frameworks/DiscRecording.framework/Versions/A/DiscRecording
0x00007fff50ceb000 	/System/Library/PrivateFrameworks/EFILogin.framework/Versions/A/EFILogin
0x00007fff62131000 	/System/Library/PrivateFrameworks/ProtectedCloudStorage.framework/Versions/A/ProtectedCloudStorage
0x00007fff6e1be000 	/usr/lib/libcurl.4.dylib
0x00007fff6e043000 	/usr/lib/libcrypto.44.dylib
0x00007fff6f7ee000 	/usr/lib/libssl.46.dylib
0x00007fff3b0d9000 	/System/Library/Frameworks/LDAP.framework/Versions/A/LDAP
0x00007fff6751d000 	/System/Library/PrivateFrameworks/TrustEvaluationAgent.framework/Versions/A/TrustEvaluationAgent
0x00007fff6f4fb000 	/usr/lib/libsasl2.2.dylib
0x00007fff4e1a3000 	/System/Library/PrivateFrameworks/CoreDaemon.framework/Versions/B/CoreDaemon
0x00007fff4a42e000 	/System/Library/PrivateFrameworks/AppleSRP.framework/Versions/A/AppleSRP
0x00007fff691ed000 	/System/Library/PrivateFrameworks/ViewBridge.framework/Versions/A/ViewBridge
0x00007fff6a47a000 	/System/Library/PrivateFrameworks/login.framework/Versions/A/login
0x00007fff52d61000 	/System/Library/PrivateFrameworks/FontServices.framework/libTrueTypeScaler.dylib
0x00007fff2c81b000 	/System/Library/Extensions/AppleIntelICLGraphicsMTLDriver.bundle/Contents/MacOS/AppleIntelICLGraphicsMTLDriver
0x00007fff562eb000 	/System/Library/PrivateFrameworks/GPUCompiler.framework/Versions/3902/Libraries/libmetal_timestamp.dylib
0x000000010f086000 	/Library/Java/JavaVirtualMachines/jdk1.8.0_211.jdk/Contents/Home/jre/lib/libjavafx_font.dylib
0x00007fff58e42000 	/System/Library/PrivateFrameworks/HDRProcessing.framework/Versions/A/HDRProcessing
0x0000000112acd000 	/Library/Java/JavaVirtualMachines/jdk1.8.0_211.jdk/Contents/Home/jre/lib/libprism_common.dylib
0x00007fff356a4000 	/System/Library/Frameworks/Carbon.framework/Versions/A/Frameworks/OpenScripting.framework/Versions/A/OpenScripting

VM Arguments:
jvm_args: -javaagent:/Applications/IntelliJ IDEA.app/Contents/lib/idea_rt.jar=65214:/Applications/IntelliJ IDEA.app/Contents/bin -Dfile.encoding=UTF-8 
java_command: sample.Main
java_class_path (initial): /Library/Java/JavaVirtualMachines/jdk1.8.0_211.jdk/Contents/Home/jre/lib/charsets.jar:/Library/Java/JavaVirtualMachines/jdk1.8.0_211.jdk/Contents/Home/jre/lib/deploy.jar:/Library/Java/JavaVirtualMachines/jdk1.8.0_211.jdk/Contents/Home/jre/lib/ext/cldrdata.jar:/Library/Java/JavaVirtualMachines/jdk1.8.0_211.jdk/Contents/Home/jre/lib/ext/dnsns.jar:/Library/Java/JavaVirtualMachines/jdk1.8.0_211.jdk/Contents/Home/jre/lib/ext/jaccess.jar:/Library/Java/JavaVirtualMachines/jdk1.8.0_211.jdk/Contents/Home/jre/lib/ext/jfxrt.jar:/Library/Java/JavaVirtualMachines/jdk1.8.0_211.jdk/Contents/Home/jre/lib/ext/localedata.jar:/Library/Java/JavaVirtualMachines/jdk1.8.0_211.jdk/Contents/Home/jre/lib/ext/nashorn.jar:/Library/Java/JavaVirtualMachines/jdk1.8.0_211.jdk/Contents/Home/jre/lib/ext/sunec.jar:/Library/Java/JavaVirtualMachines/jdk1.8.0_211.jdk/Contents/Home/jre/lib/ext/sunjce_provider.jar:/Library/Java/JavaVirtualMachines/jdk1.8.0_211.jdk/Contents/Home/jre/lib/ext/sunpkcs11.jar:/Library/Java/JavaVirtualMachines/jdk1.8.0_211.jdk/Contents/Home/jre/lib/ext/zipfs.jar:/Library/Java/JavaVirtualMachines/jdk1.8.0_211.jdk/Contents/Home/jre/lib/javaws.jar:/Library/Java/JavaVirtualMachines/jdk1.8.0_211.jdk/Contents/Home/jre/lib/jce.jar:/Library/Java/JavaVirtualMachines/jdk1.8.0_211.jdk/Contents/Home/jre/lib/jfr.jar:/Library/Java/JavaVirtualMachines/jdk1.8.0_211.jdk/Contents/Home/jre/lib/jfxswt.jar:/Library/Java/JavaVirtualMachines/jdk1.8.0_211.jdk/Contents/Home/jre/lib/jsse.jar:/Library/Java/JavaVirtualMachines/jdk1.8.0_211.jdk/Contents/Home/jre/lib/management-agent.jar:/Library/Java/JavaVirtualMachines/jdk1.8.0_211.jdk/Contents/Home/jre/lib/plugin.jar:/Library/Java/JavaVirtualMachines/jdk1.8.0_211.jdk/Contents/Home/jre/lib/resources.jar:/Library/Java/JavaVirtualMachines/jdk1.8.0_211.jdk/Contents/Home/jre/lib/rt.jar:/Library/Java/JavaVirtualMachines/jdk1.8.0_211.jdk/Contents/Home/lib/ant-javafx.jar:/Library/Java/JavaVirtualMachines/jdk1.8.0_211.jdk/Contents/Home
Launcher Type: SUN_STANDARD

Environment Variables:
JAVA_HOME=/Library/Java/JavaVirtualMachines/jdk1.8.0_211.jdk/Contents/Home
CLASSPATH=.:/Library/Java/JavaVirtualMachines/jdk1.8.0_211.jdk/Contents/Home/lib/dt.jar:/Library/Java/JavaVirtualMachines/jdk1.8.0_211.jdk/Contents/Home/lib/tools.jar
PATH=/usr/local/bin:/Library/Java/JavaVirtualMachines/jdk1.8.0_211.jdk/Contents/Home/bin:/usr/local/bin:/usr/bin:/bin:/usr/sbin:/sbin:/Applications/VMware Fusion.app/Contents/Public:/Applications/Wireshark.app/Contents/MacOS::/usr/local/mysql/bin:/usr/local/sbin
SHELL=/bin/zsh

Signal Handlers:
SIGSEGV: [libjvm.dylib+0x5b71a7], sa_mask[0]=11111111011111110111111111111111, sa_flags=SA_ONSTACK|SA_RESTART|SA_SIGINFO
SIGBUS: [libjvm.dylib+0x5b71a7], sa_mask[0]=11111111011111110111111111111111, sa_flags=SA_RESTART|SA_SIGINFO
SIGFPE: [libjvm.dylib+0x48c8fc], sa_mask[0]=11111111011111110111111111111111, sa_flags=SA_RESTART|SA_SIGINFO
SIGPIPE: [libjvm.dylib+0x48c8fc], sa_mask[0]=11111111011111110111111111111111, sa_flags=SA_RESTART|SA_SIGINFO
SIGXFSZ: [libjvm.dylib+0x48c8fc], sa_mask[0]=11111111011111110111111111111111, sa_flags=SA_RESTART|SA_SIGINFO
SIGILL: [libjvm.dylib+0x48c8fc], sa_mask[0]=11111111011111110111111111111111, sa_flags=SA_RESTART|SA_SIGINFO
SIGUSR1: SIG_DFL, sa_mask[0]=00000000000000000000000000000000, sa_flags=none
SIGUSR2: [libjvm.dylib+0x48c41a], sa_mask[0]=00100000000000000000000000000000, sa_flags=SA_RESTART|SA_SIGINFO
SIGHUP: [libjvm.dylib+0x48a9a5], sa_mask[0]=11111111011111110111111111111111, sa_flags=SA_RESTART|SA_SIGINFO
SIGINT: [libjvm.dylib+0x48a9a5], sa_mask[0]=11111111011111110111111111111111, sa_flags=SA_RESTART|SA_SIGINFO
SIGTERM: [libjvm.dylib+0x48a9a5], sa_mask[0]=11111111011111110111111111111111, sa_flags=SA_RESTART|SA_SIGINFO
SIGQUIT: [libjvm.dylib+0x48a9a5], sa_mask[0]=11111111011111110111111111111111, sa_flags=SA_RESTART|SA_SIGINFO


---------------  S Y S T E M  ---------------

OS:Bsduname:Darwin 19.4.0 Darwin Kernel Version 19.4.0: Wed Mar  4 22:47:48 PST 2020; root:xnu-6153.101.6~16/RELEASE_X86_64 x86_64
rlimit: STACK 8192k, CORE 0k, NPROC 5568, NOFILE 10240, AS infinity
load average:2.21 2.28 2.33

CPU:total 8 (initial active 8) (4 cores per cpu, 2 threads per core) family 6 model 126 stepping 5, cmov, cx8, fxsr, mmx, sse, sse2, sse3, ssse3, sse4.1, sse4.2, popcnt, avx, avx2, aes, clmul, erms, 3dnowpref, lzcnt, ht, tsc, tscinvbit, bmi1, bmi2, adx

Memory: 4k page, physical 33554432k(2419872k free)

/proc/meminfo:


vm_info: Java HotSpot(TM) 64-Bit Server VM (25.211-b12) for bsd-amd64 JRE (1.8.0_211-b12), built on Apr  1 2019 20:53:18 by "java_re" with gcc 4.2.1 (Based on Apple Inc. build 5658) (LLVM build 2336.11.00)

time: Fri Jul 24 17:29:43 2020
timezone: CST
elapsed time: 131 seconds (0d 0h 2m 11s)

